

Started GET "/assets/rails.png" for 127.0.0.1 at 2012-02-19 13:11:29 +0100
Served asset /rails.png - 304 Not Modified (365ms)


Started GET "/rails/info/properties" for 127.0.0.1 at 2012-02-19 13:12:02 +0100
  Processing by Rails::InfoController#properties as */*
Rendered inline template (87.0ms)
Completed 200 OK in 405ms (Views: 404.0ms | ActiveRecord: 0.0ms)


Started GET "/assets/rails.png" for 127.0.0.1 at 2012-02-20 11:09:09 +0100
Served asset /rails.png - 304 Not Modified (24ms)


Started GET "/rails/info/properties" for 127.0.0.1 at 2012-02-20 11:09:22 +0100
  Processing by Rails::InfoController#properties as */*
Rendered inline template (100.0ms)
Completed 200 OK in 485ms (Views: 485.0ms | ActiveRecord: 0.0ms)


Started GET "/assets/rails.png" for 127.0.0.1 at 2012-02-20 12:25:41 +0100
Served asset /rails.png - 304 Not Modified (0ms)


Started GET "/assets/rails.png" for 127.0.0.1 at 2012-02-20 12:25:42 +0100
Served asset /rails.png - 304 Not Modified (0ms)


Started GET "/assets/rails.png" for 127.0.0.1 at 2012-02-20 12:25:45 +0100
Served asset /rails.png - 304 Not Modified (0ms)


Started GET "/" for 127.0.0.1 at 2012-02-20 12:26:50 +0100

ActionController::RoutingError (No route matches [GET] "/"):
  

Rendered C:/RailsInstaller/Ruby1.9.2/lib/ruby/gems/1.9.1/gems/actionpack-3.1.1/lib/action_dispatch/middleware/templates/rescues/routing_error.erb within rescues/layout (0.0ms)


Started GET "/" for 127.0.0.1 at 2012-02-20 12:26:59 +0100

ActionController::RoutingError (No route matches [GET] "/"):
  

Rendered C:/RailsInstaller/Ruby1.9.2/lib/ruby/gems/1.9.1/gems/actionpack-3.1.1/lib/action_dispatch/middleware/templates/rescues/routing_error.erb within rescues/layout (1.0ms)


Started GET "/" for 127.0.0.1 at 2012-02-20 14:30:07 +0100

SyntaxError (C:/Sites/railsinstaller_demo/config/routes.rb:61: syntax error, unexpected tIDENTIFIER, expecting $end
:e  app\controller\welcome_controllers.#!/usr/bin/env ruby -wKU
       ^):
  

Rendered C:/RailsInstaller/Ruby1.9.2/lib/ruby/gems/1.9.1/gems/actionpack-3.1.1/lib/action_dispatch/middleware/templates/rescues/_trace.erb (47.0ms)
Rendered C:/RailsInstaller/Ruby1.9.2/lib/ruby/gems/1.9.1/gems/actionpack-3.1.1/lib/action_dispatch/middleware/templates/rescues/_request_and_response.erb (25.0ms)
Rendered C:/RailsInstaller/Ruby1.9.2/lib/ruby/gems/1.9.1/gems/actionpack-3.1.1/lib/action_dispatch/middleware/templates/rescues/diagnostics.erb within rescues/layout (294.0ms)


Started GET "/" for 127.0.0.1 at 2012-02-20 14:34:28 +0100
  Processing by WelcomeController#index as HTML
Rendered welcome/index.html.erb within layouts/application (0.0ms)
Compiled application.css  (53ms)  (pid 2396)
Compiled welcome.css  (968ms)  (pid 2396)
Compiled application.js  (27ms)  (pid 2396)
Compiled jquery.js  (37ms)  (pid 2396)
Compiled jquery_ujs.js  (82ms)  (pid 2396)
Compiled welcome.js  (906ms)  (pid 2396)
Completed 200 OK in 8802ms (Views: 8801.5ms | ActiveRecord: 0.0ms)


Started GET "/" for 127.0.0.1 at 2012-02-20 14:34:37 +0100
  Processing by WelcomeController#index as HTML
Rendered welcome/index.html.erb within layouts/application (0.0ms)
Completed 200 OK in 62ms (Views: 61.0ms | ActiveRecord: 0.0ms)


Started GET "/assets/application.css?body=1" for 127.0.0.1 at 2012-02-20 14:34:38 +0100
Served asset /application.css - 200 OK (0ms)


Started GET "/assets/welcome.css?body=1" for 127.0.0.1 at 2012-02-20 14:34:38 +0100
Served asset /welcome.css - 200 OK (73ms)


Started GET "/assets/jquery.js?body=1" for 127.0.0.1 at 2012-02-20 14:34:38 +0100
Served asset /jquery.js - 200 OK (16ms)


Started GET "/assets/jquery_ujs.js?body=1" for 127.0.0.1 at 2012-02-20 14:34:38 +0100
Served asset /jquery_ujs.js - 200 OK (5ms)


Started GET "/assets/application.js?body=1" for 127.0.0.1 at 2012-02-20 14:34:38 +0100
Served asset /application.js - 200 OK (0ms)


Started GET "/assets/welcome.js?body=1" for 127.0.0.1 at 2012-02-20 14:34:38 +0100
Served asset /welcome.js - 200 OK (4ms)


Started GET "/" for 127.0.0.1 at 2012-02-20 14:34:44 +0100
  Processing by WelcomeController#index as HTML
Rendered welcome/index.html.erb within layouts/application (0.0ms)
Completed 200 OK in 17ms (Views: 17.0ms | ActiveRecord: 0.0ms)
